[preview.colorlib.com/theme/knuford/index.html]
[backblue.gif]
[fade.gif]
[index.html]
[stackpath.bootstrapcdn.com/font-awesome/4.7.0/css/font-awesome.min.css]
[cdnjs.cloudflare.com/ajax/libs/ionicons/4.5.6/css/ionicons.min.css]
[preview.colorlib.com/theme/knuford/css/animate.css]
[preview.colorlib.com/theme/knuford/css/flaticon.css]
[preview.colorlib.com/theme/knuford/css/tiny-slider.css]
[preview.colorlib.com/theme/knuford/css/glightbox.min.css]
[preview.colorlib.com/theme/knuford/css/aos.css]
[preview.colorlib.com/theme/knuford/css/style.css]
[preview.colorlib.com/theme/knuford/index-2.html]
[preview.colorlib.com/theme/knuford/images/bg_1.jpg]
[preview.colorlib.com/theme/knuford/images/about.jpg]
[preview.colorlib.com/theme/knuford/images/bg_3.jpg]
[preview.colorlib.com/theme/knuford/images/project-1.jpg]
[preview.colorlib.com/theme/knuford/images/project-2.jpg]
[preview.colorlib.com/theme/knuford/images/project-3.jpg]
[preview.colorlib.com/theme/knuford/images/project-4.jpg]
[preview.colorlib.com/theme/knuford/images/project-5.jpg]
[preview.colorlib.com/theme/knuford/images/project-6.jpg]
[preview.colorlib.com/theme/knuford/images/person_1.jpg]
[preview.colorlib.com/theme/knuford/images/person_2.jpg]
[preview.colorlib.com/theme/knuford/images/person_3.jpg]
[preview.colorlib.com/theme/knuford/blog-single.html]
[preview.colorlib.com/theme/knuford/images/image_1.jpg]
[preview.colorlib.com/theme/knuford/images/image_2.jpg]
[preview.colorlib.com/theme/knuford/images/image_3.jpg]
[preview.colorlib.com/theme/knuford/images/image_4.jpg]
[preview.colorlib.com/theme/knuford/images/image_5.jpg]
[preview.colorlib.com/theme/knuford/images/image_6.jpg]
[preview.colorlib.com/cdn-cgi/scripts/5c5dd728/cloudflare-static/email-decode.min.js]
[preview.colorlib.com/theme/knuford/js/bootstrap.bundle.min.js]
[preview.colorlib.com/theme/knuford/js/tiny-slider.js]
[preview.colorlib.com/theme/knuford/js/glightbox.min.js]
[preview.colorlib.com/theme/knuford/js/aos.js]
[preview.colorlib.com/theme/knuford/js/typewritter.js]
[preview.colorlib.com/theme/knuford/js/slideNav.js]
[preview.colorlib.com/theme/knuford/js/google-map.js]
[preview.colorlib.com/theme/knuford/js/main.js]
[preview.colorlib.com/theme/knuford/index.html]
[stackpath.bootstrapcdn.com/font-awesome/4.7.0/css/font-awesome.min.css]
[cdnjs.cloudflare.com/ajax/libs/ionicons/4.5.6/css/ionicons.min.css]
[preview.colorlib.com/theme/knuford/css/animate.css]
[preview.colorlib.com/theme/knuford/fonts/flaticon/font/Flaticon.eot]
[preview.colorlib.com/theme/knuford/fonts/flaticon/font/Flaticond41d.eot]
[preview.colorlib.com/theme/knuford/fonts/flaticon/font/Flaticon.woff]
[preview.colorlib.com/theme/knuford/fonts/flaticon/font/Flaticon.ttf]
[preview.colorlib.com/theme/knuford/css/flaticon.css]
[preview.colorlib.com/theme/knuford/css/tiny-slider.css]
[preview.colorlib.com/theme/knuford/css/glightbox.min.css]
[preview.colorlib.com/theme/knuford/css/aos.css]
[preview.colorlib.com/theme/knuford/css/style.css]
[preview.colorlib.com/theme/knuford/index-2.html]
[preview.colorlib.com/theme/knuford/fonts/flaticon/font/Flaticon.svg]
[preview.colorlib.com/theme/knuford/blog.html]
[preview.colorlib.com/theme/knuford/js/slideNav.min.js]
[preview.colorlib.com/theme/knuford/blog-single.html]
[preview.colorlib.com/theme/knuford/fonts/flaticon/font/Flaticon.svg]
[preview.colorlib.com/theme/knuford/blog.html]
